<?xml version="1.0" encoding="UTF-8"?>
<robot generator="Robot 4.1.2 (Python 3.8.10 on linux)" generated="20211119 17:54:57.766" rpa="false" schemaversion="2">
<suite id="s1" name="Tests" source="/home/aebjork/Documents/Kurssit/Ohtu/ohtu-tehtavat/viikko3/web-login-robot/src/tests">
<suite id="s1-s1" name="Home" source="/home/aebjork/Documents/Kurssit/Ohtu/ohtu-tehtavat/viikko3/web-login-robot/src/tests/home.robot">
<kw name="Open And Configure Browser" library="resource" type="SETUP">
<kw name="Open Browser" library="SeleniumLibrary">
<arg>browser=${BROWSER}</arg>
<doc>Opens a new browser instance to the optional ``url``.</doc>
<msg timestamp="20211119 17:54:57.912" level="INFO">Opening browser 'chrome' to base url 'None'.</msg>
<status status="PASS" starttime="20211119 17:54:57.912" endtime="20211119 17:54:59.656"/>
</kw>
<kw name="Maximize Browser Window" library="SeleniumLibrary">
<doc>Maximizes current browser window.</doc>
<status status="PASS" starttime="20211119 17:54:59.656" endtime="20211119 17:54:59.789"/>
</kw>
<kw name="Set Selenium Speed" library="SeleniumLibrary">
<arg>${DELAY}</arg>
<doc>Sets the delay that is waited after each Selenium command.</doc>
<status status="PASS" starttime="20211119 17:54:59.789" endtime="20211119 17:54:59.790"/>
</kw>
<status status="PASS" starttime="20211119 17:54:57.912" endtime="20211119 17:54:59.791"/>
</kw>
<test id="s1-s1-t1" name="Click Login Link">
<kw name="Go To Main Page" library="resource" type="SETUP">
<kw name="Go To" library="SeleniumLibrary">
<arg>${HOME URL}</arg>
<doc>Navigates the current browser window to the provided ``url``.</doc>
<msg timestamp="20211119 17:54:59.792" level="INFO">Opening url 'http://localhost:5000'</msg>
<status status="PASS" starttime="20211119 17:54:59.792" endtime="20211119 17:55:00.383"/>
</kw>
<status status="PASS" starttime="20211119 17:54:59.792" endtime="20211119 17:55:00.383"/>
</kw>
<kw name="Click Link" library="SeleniumLibrary">
<arg>Login</arg>
<doc>Clicks a link identified by ``locator``.</doc>
<msg timestamp="20211119 17:55:00.384" level="INFO">Clicking link 'Login'.</msg>
<status status="PASS" starttime="20211119 17:55:00.384" endtime="20211119 17:55:02.039"/>
</kw>
<kw name="Login Page Should Be Open" library="resource">
<kw name="Title Should Be" library="SeleniumLibrary">
<arg>Login</arg>
<doc>Verifies that the current page title equals ``title``.</doc>
<msg timestamp="20211119 17:55:02.559" level="INFO">Page title is 'Login'.</msg>
<status status="PASS" starttime="20211119 17:55:02.041" endtime="20211119 17:55:02.560"/>
</kw>
<status status="PASS" starttime="20211119 17:55:02.040" endtime="20211119 17:55:02.560"/>
</kw>
<status status="PASS" starttime="20211119 17:54:59.791" endtime="20211119 17:55:02.561"/>
</test>
<test id="s1-s1-t2" name="Click Register Link">
<kw name="Go To Main Page" library="resource" type="SETUP">
<kw name="Go To" library="SeleniumLibrary">
<arg>${HOME URL}</arg>
<doc>Navigates the current browser window to the provided ``url``.</doc>
<msg timestamp="20211119 17:55:02.566" level="INFO">Opening url 'http://localhost:5000'</msg>
<status status="PASS" starttime="20211119 17:55:02.565" endtime="20211119 17:55:03.136"/>
</kw>
<status status="PASS" starttime="20211119 17:55:02.564" endtime="20211119 17:55:03.137"/>
</kw>
<kw name="Click Link" library="SeleniumLibrary">
<arg>Register new user</arg>
<doc>Clicks a link identified by ``locator``.</doc>
<msg timestamp="20211119 17:55:03.139" level="INFO">Clicking link 'Register new user'.</msg>
<status status="PASS" starttime="20211119 17:55:03.138" endtime="20211119 17:55:04.816"/>
</kw>
<kw name="Register Page Should Be Open" library="resource">
<kw name="Title Should Be" library="SeleniumLibrary">
<arg>Register</arg>
<doc>Verifies that the current page title equals ``title``.</doc>
<msg timestamp="20211119 17:55:05.334" level="INFO">Page title is 'Register'.</msg>
<status status="PASS" starttime="20211119 17:55:04.818" endtime="20211119 17:55:05.335"/>
</kw>
<status status="PASS" starttime="20211119 17:55:04.816" endtime="20211119 17:55:05.336"/>
</kw>
<status status="PASS" starttime="20211119 17:55:02.563" endtime="20211119 17:55:05.336"/>
</test>
<kw name="Close Browser" library="SeleniumLibrary" type="TEARDOWN">
<doc>Closes the current browser.</doc>
<status status="PASS" starttime="20211119 17:55:05.339" endtime="20211119 17:55:05.897"/>
</kw>
<status status="PASS" starttime="20211119 17:54:57.786" endtime="20211119 17:55:05.897"/>
</suite>
<suite id="s1-s2" name="Login" source="/home/aebjork/Documents/Kurssit/Ohtu/ohtu-tehtavat/viikko3/web-login-robot/src/tests/login.robot">
<kw name="Open And Configure Browser" library="resource" type="SETUP">
<kw name="Open Browser" library="SeleniumLibrary">
<arg>browser=${BROWSER}</arg>
<doc>Opens a new browser instance to the optional ``url``.</doc>
<msg timestamp="20211119 17:55:05.902" level="INFO">Opening browser 'chrome' to base url 'None'.</msg>
<status status="PASS" starttime="20211119 17:55:05.902" endtime="20211119 17:55:07.667"/>
</kw>
<kw name="Maximize Browser Window" library="SeleniumLibrary">
<doc>Maximizes current browser window.</doc>
<status status="PASS" starttime="20211119 17:55:07.667" endtime="20211119 17:55:08.292"/>
</kw>
<kw name="Set Selenium Speed" library="SeleniumLibrary">
<arg>${DELAY}</arg>
<doc>Sets the delay that is waited after each Selenium command.</doc>
<status status="PASS" starttime="20211119 17:55:08.292" endtime="20211119 17:55:08.294"/>
</kw>
<status status="PASS" starttime="20211119 17:55:05.901" endtime="20211119 17:55:08.295"/>
</kw>
<test id="s1-s2-t1" name="Login With Correct Credentials">
<kw name="Create User And Go To Login Page" type="SETUP">
<kw name="Create User" library="AppLibrary">
<arg>kalle</arg>
<arg>kalle123</arg>
<status status="PASS" starttime="20211119 17:55:08.299" endtime="20211119 17:55:08.335"/>
</kw>
<kw name="Go To Login Page" library="resource">
<kw name="Go To" library="SeleniumLibrary">
<arg>${LOGIN URL}</arg>
<doc>Navigates the current browser window to the provided ``url``.</doc>
<msg timestamp="20211119 17:55:08.337" level="INFO">Opening url 'http://localhost:5000/login'</msg>
<status status="PASS" starttime="20211119 17:55:08.336" endtime="20211119 17:55:08.951"/>
</kw>
<status status="PASS" starttime="20211119 17:55:08.335" endtime="20211119 17:55:08.951"/>
</kw>
<kw name="Login Page Should Be Open" library="resource">
<kw name="Title Should Be" library="SeleniumLibrary">
<arg>Login</arg>
<doc>Verifies that the current page title equals ``title``.</doc>
<msg timestamp="20211119 17:55:09.461" level="INFO">Page title is 'Login'.</msg>
<status status="PASS" starttime="20211119 17:55:08.952" endtime="20211119 17:55:09.461"/>
</kw>
<status status="PASS" starttime="20211119 17:55:08.951" endtime="20211119 17:55:09.462"/>
</kw>
<status status="PASS" starttime="20211119 17:55:08.298" endtime="20211119 17:55:09.462"/>
</kw>
<kw name="Set Username">
<arg>kalle</arg>
<kw name="Input Text" library="SeleniumLibrary">
<arg>username</arg>
<arg>${username}</arg>
<doc>Types the given ``text`` into the text field identified by ``locator``.</doc>
<msg timestamp="20211119 17:55:09.463" level="INFO">Typing text 'kalle' into text field 'username'.</msg>
<status status="PASS" starttime="20211119 17:55:09.463" endtime="20211119 17:55:11.123"/>
</kw>
<status status="PASS" starttime="20211119 17:55:09.462" endtime="20211119 17:55:11.123"/>
</kw>
<kw name="Set Password">
<arg>kalle123</arg>
<kw name="Input Password" library="SeleniumLibrary">
<arg>password</arg>
<arg>${password}</arg>
<doc>Types the given password into the text field identified by ``locator``.</doc>
<msg timestamp="20211119 17:55:11.124" level="INFO">Typing password into text field 'password'.</msg>
<msg timestamp="20211119 17:55:12.202" level="INFO">Temporally setting log level to: NONE</msg>
<msg timestamp="20211119 17:55:12.812" level="INFO">Log level changed from NONE to INFO.</msg>
<status status="PASS" starttime="20211119 17:55:11.124" endtime="20211119 17:55:12.812"/>
</kw>
<status status="PASS" starttime="20211119 17:55:11.124" endtime="20211119 17:55:12.812"/>
</kw>
<kw name="Submit Credentials">
<kw name="Click Button" library="SeleniumLibrary">
<arg>Login</arg>
<doc>Clicks the button identified by ``locator``.</doc>
<msg timestamp="20211119 17:55:12.813" level="INFO">Clicking button 'Login'.</msg>
<status status="PASS" starttime="20211119 17:55:12.813" endtime="20211119 17:55:15.023"/>
</kw>
<status status="PASS" starttime="20211119 17:55:12.813" endtime="20211119 17:55:15.024"/>
</kw>
<kw name="Login Should Succeed">
<kw name="Main Page Should Be Open" library="resource">
<kw name="Title Should Be" library="SeleniumLibrary">
<arg>Ohtu Application main page</arg>
<doc>Verifies that the current page title equals ``title``.</doc>
<msg timestamp="20211119 17:55:15.543" level="INFO">Page title is 'Ohtu Application main page'.</msg>
<status status="PASS" starttime="20211119 17:55:15.027" endtime="20211119 17:55:15.544"/>
</kw>
<status status="PASS" starttime="20211119 17:55:15.026" endtime="20211119 17:55:15.544"/>
</kw>
<status status="PASS" starttime="20211119 17:55:15.025" endtime="20211119 17:55:15.545"/>
</kw>
<status status="PASS" starttime="20211119 17:55:08.295" endtime="20211119 17:55:15.546"/>
</test>
<test id="s1-s2-t2" name="Login With Incorrect Password">
<kw name="Create User And Go To Login Page" type="SETUP">
<kw name="Create User" library="AppLibrary">
<arg>kalle</arg>
<arg>kalle123</arg>
<status status="PASS" starttime="20211119 17:55:15.550" endtime="20211119 17:55:15.580"/>
</kw>
<kw name="Go To Login Page" library="resource">
<kw name="Go To" library="SeleniumLibrary">
<arg>${LOGIN URL}</arg>
<doc>Navigates the current browser window to the provided ``url``.</doc>
<msg timestamp="20211119 17:55:15.581" level="INFO">Opening url 'http://localhost:5000/login'</msg>
<status status="PASS" starttime="20211119 17:55:15.580" endtime="20211119 17:55:16.125"/>
</kw>
<status status="PASS" starttime="20211119 17:55:15.580" endtime="20211119 17:55:16.126"/>
</kw>
<kw name="Login Page Should Be Open" library="resource">
<kw name="Title Should Be" library="SeleniumLibrary">
<arg>Login</arg>
<doc>Verifies that the current page title equals ``title``.</doc>
<msg timestamp="20211119 17:55:16.641" level="INFO">Page title is 'Login'.</msg>
<status status="PASS" starttime="20211119 17:55:16.128" endtime="20211119 17:55:16.642"/>
</kw>
<status status="PASS" starttime="20211119 17:55:16.127" endtime="20211119 17:55:16.642"/>
</kw>
<status status="PASS" starttime="20211119 17:55:15.549" endtime="20211119 17:55:16.643"/>
</kw>
<kw name="Set Username">
<arg>kalle</arg>
<kw name="Input Text" library="SeleniumLibrary">
<arg>username</arg>
<arg>${username}</arg>
<doc>Types the given ``text`` into the text field identified by ``locator``.</doc>
<msg timestamp="20211119 17:55:16.646" level="INFO">Typing text 'kalle' into text field 'username'.</msg>
<status status="PASS" starttime="20211119 17:55:16.645" endtime="20211119 17:55:18.356"/>
</kw>
<status status="PASS" starttime="20211119 17:55:16.643" endtime="20211119 17:55:18.357"/>
</kw>
<kw name="Set Password">
<arg>kalle456</arg>
<kw name="Input Password" library="SeleniumLibrary">
<arg>password</arg>
<arg>${password}</arg>
<doc>Types the given password into the text field identified by ``locator``.</doc>
<msg timestamp="20211119 17:55:18.360" level="INFO">Typing password into text field 'password'.</msg>
<msg timestamp="20211119 17:55:19.440" level="INFO">Temporally setting log level to: NONE</msg>
<msg timestamp="20211119 17:55:20.081" level="INFO">Log level changed from NONE to INFO.</msg>
<status status="PASS" starttime="20211119 17:55:18.359" endtime="20211119 17:55:20.082"/>
</kw>
<status status="PASS" starttime="20211119 17:55:18.357" endtime="20211119 17:55:20.082"/>
</kw>
<kw name="Submit Credentials">
<kw name="Click Button" library="SeleniumLibrary">
<arg>Login</arg>
<doc>Clicks the button identified by ``locator``.</doc>
<msg timestamp="20211119 17:55:20.085" level="INFO">Clicking button 'Login'.</msg>
<status status="PASS" starttime="20211119 17:55:20.084" endtime="20211119 17:55:22.266"/>
</kw>
<status status="PASS" starttime="20211119 17:55:20.083" endtime="20211119 17:55:22.266"/>
</kw>
<kw name="Login Should Fail With Message">
<arg>Invalid username or password</arg>
<kw name="Login Page Should Be Open" library="resource">
<kw name="Title Should Be" library="SeleniumLibrary">
<arg>Login</arg>
<doc>Verifies that the current page title equals ``title``.</doc>
<msg timestamp="20211119 17:55:22.785" level="INFO">Page title is 'Login'.</msg>
<status status="PASS" starttime="20211119 17:55:22.270" endtime="20211119 17:55:22.785"/>
</kw>
<status status="PASS" starttime="20211119 17:55:22.268" endtime="20211119 17:55:22.786"/>
</kw>
<kw name="Page Should Contain" library="SeleniumLibrary">
<arg>${message}</arg>
<doc>Verifies that current page contains ``text``.</doc>
<msg timestamp="20211119 17:55:23.840" level="INFO">Current page contains text 'Invalid username or password'.</msg>
<status status="PASS" starttime="20211119 17:55:22.786" endtime="20211119 17:55:23.840"/>
</kw>
<status status="PASS" starttime="20211119 17:55:22.267" endtime="20211119 17:55:23.841"/>
</kw>
<status status="PASS" starttime="20211119 17:55:15.547" endtime="20211119 17:55:23.842"/>
</test>
<test id="s1-s2-t3" name="Login With Nonexisting Username">
<kw name="Create User And Go To Login Page" type="SETUP">
<kw name="Create User" library="AppLibrary">
<arg>kalle</arg>
<arg>kalle123</arg>
<status status="PASS" starttime="20211119 17:55:23.847" endtime="20211119 17:55:23.887"/>
</kw>
<kw name="Go To Login Page" library="resource">
<kw name="Go To" library="SeleniumLibrary">
<arg>${LOGIN URL}</arg>
<doc>Navigates the current browser window to the provided ``url``.</doc>
<msg timestamp="20211119 17:55:23.889" level="INFO">Opening url 'http://localhost:5000/login'</msg>
<status status="PASS" starttime="20211119 17:55:23.889" endtime="20211119 17:55:24.439"/>
</kw>
<status status="PASS" starttime="20211119 17:55:23.887" endtime="20211119 17:55:24.439"/>
</kw>
<kw name="Login Page Should Be Open" library="resource">
<kw name="Title Should Be" library="SeleniumLibrary">
<arg>Login</arg>
<doc>Verifies that the current page title equals ``title``.</doc>
<msg timestamp="20211119 17:55:24.958" level="INFO">Page title is 'Login'.</msg>
<status status="PASS" starttime="20211119 17:55:24.441" endtime="20211119 17:55:24.959"/>
</kw>
<status status="PASS" starttime="20211119 17:55:24.440" endtime="20211119 17:55:24.960"/>
</kw>
<status status="PASS" starttime="20211119 17:55:23.845" endtime="20211119 17:55:24.961"/>
</kw>
<kw name="Set Username">
<arg>pelle</arg>
<kw name="Input Text" library="SeleniumLibrary">
<arg>username</arg>
<arg>${username}</arg>
<doc>Types the given ``text`` into the text field identified by ``locator``.</doc>
<msg timestamp="20211119 17:55:24.966" level="INFO">Typing text 'pelle' into text field 'username'.</msg>
<status status="PASS" starttime="20211119 17:55:24.964" endtime="20211119 17:55:26.689"/>
</kw>
<status status="PASS" starttime="20211119 17:55:24.962" endtime="20211119 17:55:26.690"/>
</kw>
<kw name="Set Password">
<arg>pelle111</arg>
<kw name="Input Password" library="SeleniumLibrary">
<arg>password</arg>
<arg>${password}</arg>
<doc>Types the given password into the text field identified by ``locator``.</doc>
<msg timestamp="20211119 17:55:26.694" level="INFO">Typing password into text field 'password'.</msg>
<msg timestamp="20211119 17:55:27.770" level="INFO">Temporally setting log level to: NONE</msg>
<msg timestamp="20211119 17:55:28.408" level="INFO">Log level changed from NONE to INFO.</msg>
<status status="PASS" starttime="20211119 17:55:26.692" endtime="20211119 17:55:28.408"/>
</kw>
<status status="PASS" starttime="20211119 17:55:26.691" endtime="20211119 17:55:28.409"/>
</kw>
<kw name="Submit Credentials">
<kw name="Click Button" library="SeleniumLibrary">
<arg>Login</arg>
<doc>Clicks the button identified by ``locator``.</doc>
<msg timestamp="20211119 17:55:28.412" level="INFO">Clicking button 'Login'.</msg>
<status status="PASS" starttime="20211119 17:55:28.411" endtime="20211119 17:55:30.552"/>
</kw>
<status status="PASS" starttime="20211119 17:55:28.410" endtime="20211119 17:55:30.552"/>
</kw>
<kw name="Login Should Fail With Message">
<arg>Invalid username or password</arg>
<kw name="Login Page Should Be Open" library="resource">
<kw name="Title Should Be" library="SeleniumLibrary">
<arg>Login</arg>
<doc>Verifies that the current page title equals ``title``.</doc>
<msg timestamp="20211119 17:55:31.073" level="INFO">Page title is 'Login'.</msg>
<status status="PASS" starttime="20211119 17:55:30.556" endtime="20211119 17:55:31.073"/>
</kw>
<status status="PASS" starttime="20211119 17:55:30.554" endtime="20211119 17:55:31.074"/>
</kw>
<kw name="Page Should Contain" library="SeleniumLibrary">
<arg>${message}</arg>
<doc>Verifies that current page contains ``text``.</doc>
<msg timestamp="20211119 17:55:32.136" level="INFO">Current page contains text 'Invalid username or password'.</msg>
<status status="PASS" starttime="20211119 17:55:31.075" endtime="20211119 17:55:32.136"/>
</kw>
<status status="PASS" starttime="20211119 17:55:30.553" endtime="20211119 17:55:32.137"/>
</kw>
<status status="PASS" starttime="20211119 17:55:23.844" endtime="20211119 17:55:32.138"/>
</test>
<kw name="Close Browser" library="SeleniumLibrary" type="TEARDOWN">
<doc>Closes the current browser.</doc>
<status status="PASS" starttime="20211119 17:55:32.140" endtime="20211119 17:55:32.701"/>
</kw>
<status status="PASS" starttime="20211119 17:55:05.898" endtime="20211119 17:55:32.701"/>
</suite>
<status status="PASS" starttime="20211119 17:54:57.767" endtime="20211119 17:55:32.708"/>
</suite>
<statistics>
<total>
<stat pass="5" fail="0" skip="0">All Tests</stat>
</total>
<tag>
</tag>
<suite>
<stat pass="5" fail="0" skip="0" id="s1" name="Tests">Tests</stat>
<stat pass="2" fail="0" skip="0" id="s1-s1" name="Home">Tests.Home</stat>
<stat pass="3" fail="0" skip="0" id="s1-s2" name="Login">Tests.Login</stat>
</suite>
</statistics>
<errors>
</errors>
</robot>
