<?xml version="1.0" encoding="UTF-8"?>
<robot generator="Robot 4.1.2 (Python 3.8.10 on linux)" generated="20211118 00:28:04.541" rpa="false" schemaversion="2">
<suite id="s1" name="Tests" source="/home/aebjork/Documents/Kurssit/Ohtu/ohtu-tehtavat/viikko3/login-robot/src/tests">
<suite id="s1-s1" name="Login" source="/home/aebjork/Documents/Kurssit/Ohtu/ohtu-tehtavat/viikko3/login-robot/src/tests/login.robot">
<test id="s1-s1-t1" name="Login With Correct Credentials">
<kw name="Create User And Input Login Command" type="SETUP">
<kw name="Create User" library="AppLibrary">
<arg>kalle</arg>
<arg>kalle123</arg>
<status status="PASS" starttime="20211118 00:28:04.572" endtime="20211118 00:28:04.572"/>
</kw>
<kw name="Input Login Command" library="resource">
<kw name="Input" library="AppLibrary">
<arg>login</arg>
<status status="PASS" starttime="20211118 00:28:04.573" endtime="20211118 00:28:04.573"/>
</kw>
<status status="PASS" starttime="20211118 00:28:04.572" endtime="20211118 00:28:04.573"/>
</kw>
<status status="PASS" starttime="20211118 00:28:04.572" endtime="20211118 00:28:04.573"/>
</kw>
<kw name="Input Credentials" library="resource">
<arg>kalle</arg>
<arg>kalle123</arg>
<kw name="Input" library="AppLibrary">
<arg>${username}</arg>
<status status="PASS" starttime="20211118 00:28:04.574" endtime="20211118 00:28:04.574"/>
</kw>
<kw name="Input" library="AppLibrary">
<arg>${password}</arg>
<status status="PASS" starttime="20211118 00:28:04.574" endtime="20211118 00:28:04.574"/>
</kw>
<kw name="Run Application" library="AppLibrary">
<status status="PASS" starttime="20211118 00:28:04.574" endtime="20211118 00:28:04.574"/>
</kw>
<status status="PASS" starttime="20211118 00:28:04.573" endtime="20211118 00:28:04.575"/>
</kw>
<kw name="Output Should Contain" library="AppLibrary">
<arg>Logged in</arg>
<status status="PASS" starttime="20211118 00:28:04.575" endtime="20211118 00:28:04.575"/>
</kw>
<status status="PASS" starttime="20211118 00:28:04.571" endtime="20211118 00:28:04.575"/>
</test>
<test id="s1-s1-t2" name="Login With Incorrect Password">
<kw name="Create User And Input Login Command" type="SETUP">
<kw name="Create User" library="AppLibrary">
<arg>kalle</arg>
<arg>kalle123</arg>
<status status="PASS" starttime="20211118 00:28:04.576" endtime="20211118 00:28:04.576"/>
</kw>
<kw name="Input Login Command" library="resource">
<kw name="Input" library="AppLibrary">
<arg>login</arg>
<status status="PASS" starttime="20211118 00:28:04.577" endtime="20211118 00:28:04.578"/>
</kw>
<status status="PASS" starttime="20211118 00:28:04.577" endtime="20211118 00:28:04.578"/>
</kw>
<status status="PASS" starttime="20211118 00:28:04.576" endtime="20211118 00:28:04.578"/>
</kw>
<kw name="Input Credentials" library="resource">
<arg>kalle</arg>
<arg>kalle121</arg>
<kw name="Input" library="AppLibrary">
<arg>${username}</arg>
<status status="PASS" starttime="20211118 00:28:04.579" endtime="20211118 00:28:04.579"/>
</kw>
<kw name="Input" library="AppLibrary">
<arg>${password}</arg>
<status status="PASS" starttime="20211118 00:28:04.579" endtime="20211118 00:28:04.579"/>
</kw>
<kw name="Run Application" library="AppLibrary">
<status status="PASS" starttime="20211118 00:28:04.579" endtime="20211118 00:28:04.579"/>
</kw>
<status status="PASS" starttime="20211118 00:28:04.578" endtime="20211118 00:28:04.579"/>
</kw>
<kw name="Output Should Contain" library="AppLibrary">
<arg>Invalid username or password</arg>
<status status="PASS" starttime="20211118 00:28:04.580" endtime="20211118 00:28:04.580"/>
</kw>
<status status="PASS" starttime="20211118 00:28:04.575" endtime="20211118 00:28:04.580"/>
</test>
<test id="s1-s1-t3" name="Login With Nonexistent Username">
<kw name="Create User And Input Login Command" type="SETUP">
<kw name="Create User" library="AppLibrary">
<arg>kalle</arg>
<arg>kalle123</arg>
<status status="PASS" starttime="20211118 00:28:04.582" endtime="20211118 00:28:04.582"/>
</kw>
<kw name="Input Login Command" library="resource">
<kw name="Input" library="AppLibrary">
<arg>login</arg>
<status status="PASS" starttime="20211118 00:28:04.582" endtime="20211118 00:28:04.582"/>
</kw>
<status status="PASS" starttime="20211118 00:28:04.582" endtime="20211118 00:28:04.582"/>
</kw>
<status status="PASS" starttime="20211118 00:28:04.581" endtime="20211118 00:28:04.582"/>
</kw>
<kw name="Input Credentials" library="resource">
<arg>hoo</arg>
<arg>moilanen</arg>
<kw name="Input" library="AppLibrary">
<arg>${username}</arg>
<status status="PASS" starttime="20211118 00:28:04.583" endtime="20211118 00:28:04.583"/>
</kw>
<kw name="Input" library="AppLibrary">
<arg>${password}</arg>
<status status="PASS" starttime="20211118 00:28:04.583" endtime="20211118 00:28:04.583"/>
</kw>
<kw name="Run Application" library="AppLibrary">
<status status="PASS" starttime="20211118 00:28:04.583" endtime="20211118 00:28:04.584"/>
</kw>
<status status="PASS" starttime="20211118 00:28:04.583" endtime="20211118 00:28:04.584"/>
</kw>
<kw name="Output Should Contain" library="AppLibrary">
<arg>Invalid username or password</arg>
<status status="PASS" starttime="20211118 00:28:04.584" endtime="20211118 00:28:04.584"/>
</kw>
<status status="PASS" starttime="20211118 00:28:04.580" endtime="20211118 00:28:04.584"/>
</test>
<status status="PASS" starttime="20211118 00:28:04.566" endtime="20211118 00:28:04.585"/>
</suite>
<status status="PASS" starttime="20211118 00:28:04.543" endtime="20211118 00:28:04.585"/>
</suite>
<statistics>
<total>
<stat pass="3" fail="0" skip="0">All Tests</stat>
</total>
<tag>
</tag>
<suite>
<stat pass="3" fail="0" skip="0" id="s1" name="Tests">Tests</stat>
<stat pass="3" fail="0" skip="0" id="s1-s1" name="Login">Tests.Login</stat>
</suite>
</statistics>
<errors>
</errors>
</robot>
