<?xml version="1.0" encoding="UTF-8"?>
<robot generator="Robot 4.1.2 (Python 3.8.10 on linux)" generated="20211119 02:07:31.676" rpa="false" schemaversion="2">
<suite id="s1" name="Tests" source="/home/aebjork/Documents/Kurssit/Ohtu/ohtu-tehtavat/viikko3/login-robot/src/tests">
<suite id="s1-s1" name="Login" source="/home/aebjork/Documents/Kurssit/Ohtu/ohtu-tehtavat/viikko3/login-robot/src/tests/login.robot">
<test id="s1-s1-t1" name="Login With Correct Credentials">
<kw name="Create User And Input Login Command" type="SETUP">
<kw name="Create User" library="AppLibrary">
<arg>kalle</arg>
<arg>kalle123</arg>
<status status="PASS" starttime="20211119 02:07:31.700" endtime="20211119 02:07:31.701"/>
</kw>
<kw name="Input Login Command" library="resource">
<kw name="Input" library="AppLibrary">
<arg>login</arg>
<status status="PASS" starttime="20211119 02:07:31.701" endtime="20211119 02:07:31.701"/>
</kw>
<status status="PASS" starttime="20211119 02:07:31.701" endtime="20211119 02:07:31.701"/>
</kw>
<status status="PASS" starttime="20211119 02:07:31.700" endtime="20211119 02:07:31.702"/>
</kw>
<kw name="Input Credentials" library="resource">
<arg>kalle</arg>
<arg>kalle123</arg>
<kw name="Input" library="AppLibrary">
<arg>${username}</arg>
<status status="PASS" starttime="20211119 02:07:31.702" endtime="20211119 02:07:31.702"/>
</kw>
<kw name="Input" library="AppLibrary">
<arg>${password}</arg>
<status status="PASS" starttime="20211119 02:07:31.702" endtime="20211119 02:07:31.703"/>
</kw>
<kw name="Run Application" library="AppLibrary">
<status status="PASS" starttime="20211119 02:07:31.703" endtime="20211119 02:07:31.703"/>
</kw>
<status status="PASS" starttime="20211119 02:07:31.702" endtime="20211119 02:07:31.703"/>
</kw>
<kw name="Output Should Contain" library="AppLibrary">
<arg>Logged in</arg>
<status status="PASS" starttime="20211119 02:07:31.703" endtime="20211119 02:07:31.703"/>
</kw>
<status status="PASS" starttime="20211119 02:07:31.699" endtime="20211119 02:07:31.703"/>
</test>
<test id="s1-s1-t2" name="Login With Incorrect Password">
<kw name="Create User And Input Login Command" type="SETUP">
<kw name="Create User" library="AppLibrary">
<arg>kalle</arg>
<arg>kalle123</arg>
<status status="PASS" starttime="20211119 02:07:31.704" endtime="20211119 02:07:31.704"/>
</kw>
<kw name="Input Login Command" library="resource">
<kw name="Input" library="AppLibrary">
<arg>login</arg>
<status status="PASS" starttime="20211119 02:07:31.705" endtime="20211119 02:07:31.705"/>
</kw>
<status status="PASS" starttime="20211119 02:07:31.704" endtime="20211119 02:07:31.706"/>
</kw>
<status status="PASS" starttime="20211119 02:07:31.704" endtime="20211119 02:07:31.706"/>
</kw>
<kw name="Input Credentials" library="resource">
<arg>kalle</arg>
<arg>kalle121</arg>
<kw name="Input" library="AppLibrary">
<arg>${username}</arg>
<status status="PASS" starttime="20211119 02:07:31.706" endtime="20211119 02:07:31.706"/>
</kw>
<kw name="Input" library="AppLibrary">
<arg>${password}</arg>
<status status="PASS" starttime="20211119 02:07:31.706" endtime="20211119 02:07:31.707"/>
</kw>
<kw name="Run Application" library="AppLibrary">
<status status="PASS" starttime="20211119 02:07:31.707" endtime="20211119 02:07:31.707"/>
</kw>
<status status="PASS" starttime="20211119 02:07:31.706" endtime="20211119 02:07:31.707"/>
</kw>
<kw name="Output Should Contain" library="AppLibrary">
<arg>Invalid username or password</arg>
<status status="PASS" starttime="20211119 02:07:31.707" endtime="20211119 02:07:31.707"/>
</kw>
<status status="PASS" starttime="20211119 02:07:31.704" endtime="20211119 02:07:31.707"/>
</test>
<test id="s1-s1-t3" name="Login With Nonexistent Username">
<kw name="Create User And Input Login Command" type="SETUP">
<kw name="Create User" library="AppLibrary">
<arg>kalle</arg>
<arg>kalle123</arg>
<status status="PASS" starttime="20211119 02:07:31.708" endtime="20211119 02:07:31.708"/>
</kw>
<kw name="Input Login Command" library="resource">
<kw name="Input" library="AppLibrary">
<arg>login</arg>
<status status="PASS" starttime="20211119 02:07:31.709" endtime="20211119 02:07:31.709"/>
</kw>
<status status="PASS" starttime="20211119 02:07:31.708" endtime="20211119 02:07:31.709"/>
</kw>
<status status="PASS" starttime="20211119 02:07:31.708" endtime="20211119 02:07:31.709"/>
</kw>
<kw name="Input Credentials" library="resource">
<arg>hoo</arg>
<arg>moilanen</arg>
<kw name="Input" library="AppLibrary">
<arg>${username}</arg>
<status status="PASS" starttime="20211119 02:07:31.709" endtime="20211119 02:07:31.710"/>
</kw>
<kw name="Input" library="AppLibrary">
<arg>${password}</arg>
<status status="PASS" starttime="20211119 02:07:31.710" endtime="20211119 02:07:31.710"/>
</kw>
<kw name="Run Application" library="AppLibrary">
<status status="PASS" starttime="20211119 02:07:31.710" endtime="20211119 02:07:31.710"/>
</kw>
<status status="PASS" starttime="20211119 02:07:31.709" endtime="20211119 02:07:31.710"/>
</kw>
<kw name="Output Should Contain" library="AppLibrary">
<arg>Invalid username or password</arg>
<status status="PASS" starttime="20211119 02:07:31.710" endtime="20211119 02:07:31.711"/>
</kw>
<status status="PASS" starttime="20211119 02:07:31.708" endtime="20211119 02:07:31.711"/>
</test>
<status status="PASS" starttime="20211119 02:07:31.695" endtime="20211119 02:07:31.712"/>
</suite>
<suite id="s1-s2" name="Register" source="/home/aebjork/Documents/Kurssit/Ohtu/ohtu-tehtavat/viikko3/login-robot/src/tests/register.robot">
<test id="s1-s2-t1" name="Register With Valid Username And Password">
<kw name="Input New Command And Create User" type="SETUP">
<kw name="Input New Command" library="resource">
<kw name="Input" library="AppLibrary">
<arg>new</arg>
<status status="PASS" starttime="20211119 02:07:31.716" endtime="20211119 02:07:31.716"/>
</kw>
<status status="PASS" starttime="20211119 02:07:31.716" endtime="20211119 02:07:31.716"/>
</kw>
<kw name="Create User" library="AppLibrary">
<arg>Pal</arg>
<arg>pAle1111</arg>
<status status="PASS" starttime="20211119 02:07:31.717" endtime="20211119 02:07:31.717"/>
</kw>
<status status="PASS" starttime="20211119 02:07:31.716" endtime="20211119 02:07:31.717"/>
</kw>
<kw name="Input Credentials" library="resource">
<arg>Bil</arg>
<arg>12pAle34</arg>
<kw name="Input" library="AppLibrary">
<arg>${username}</arg>
<status status="PASS" starttime="20211119 02:07:31.717" endtime="20211119 02:07:31.718"/>
</kw>
<kw name="Input" library="AppLibrary">
<arg>${password}</arg>
<status status="PASS" starttime="20211119 02:07:31.718" endtime="20211119 02:07:31.718"/>
</kw>
<kw name="Run Application" library="AppLibrary">
<status status="PASS" starttime="20211119 02:07:31.718" endtime="20211119 02:07:31.718"/>
</kw>
<status status="PASS" starttime="20211119 02:07:31.717" endtime="20211119 02:07:31.718"/>
</kw>
<kw name="Output Should Contain" library="AppLibrary">
<arg>New user registered</arg>
<status status="PASS" starttime="20211119 02:07:31.718" endtime="20211119 02:07:31.719"/>
</kw>
<status status="PASS" starttime="20211119 02:07:31.715" endtime="20211119 02:07:31.719"/>
</test>
<test id="s1-s2-t2" name="Register With Already Taken Username And Valid Password">
<kw name="Input New Command And Create User" type="SETUP">
<kw name="Input New Command" library="resource">
<kw name="Input" library="AppLibrary">
<arg>new</arg>
<status status="PASS" starttime="20211119 02:07:31.720" endtime="20211119 02:07:31.720"/>
</kw>
<status status="PASS" starttime="20211119 02:07:31.720" endtime="20211119 02:07:31.720"/>
</kw>
<kw name="Create User" library="AppLibrary">
<arg>Pal</arg>
<arg>pAle1111</arg>
<status status="PASS" starttime="20211119 02:07:31.720" endtime="20211119 02:07:31.720"/>
</kw>
<status status="PASS" starttime="20211119 02:07:31.719" endtime="20211119 02:07:31.720"/>
</kw>
<kw name="Input Credentials" library="resource">
<arg>Pal</arg>
<arg>pAle1111</arg>
<kw name="Input" library="AppLibrary">
<arg>${username}</arg>
<status status="PASS" starttime="20211119 02:07:31.721" endtime="20211119 02:07:31.721"/>
</kw>
<kw name="Input" library="AppLibrary">
<arg>${password}</arg>
<status status="PASS" starttime="20211119 02:07:31.721" endtime="20211119 02:07:31.722"/>
</kw>
<kw name="Run Application" library="AppLibrary">
<status status="PASS" starttime="20211119 02:07:31.722" endtime="20211119 02:07:31.722"/>
</kw>
<status status="PASS" starttime="20211119 02:07:31.721" endtime="20211119 02:07:31.722"/>
</kw>
<kw name="Output Should Contain" library="AppLibrary">
<arg>User with username Pal already exists</arg>
<status status="PASS" starttime="20211119 02:07:31.722" endtime="20211119 02:07:31.723"/>
</kw>
<status status="PASS" starttime="20211119 02:07:31.719" endtime="20211119 02:07:31.723"/>
</test>
<test id="s1-s2-t3" name="Register With Too Short Username And Valid Password">
<kw name="Input New Command And Create User" type="SETUP">
<kw name="Input New Command" library="resource">
<kw name="Input" library="AppLibrary">
<arg>new</arg>
<status status="PASS" starttime="20211119 02:07:31.724" endtime="20211119 02:07:31.724"/>
</kw>
<status status="PASS" starttime="20211119 02:07:31.724" endtime="20211119 02:07:31.724"/>
</kw>
<kw name="Create User" library="AppLibrary">
<arg>Pal</arg>
<arg>pAle1111</arg>
<status status="PASS" starttime="20211119 02:07:31.724" endtime="20211119 02:07:31.724"/>
</kw>
<status status="PASS" starttime="20211119 02:07:31.723" endtime="20211119 02:07:31.725"/>
</kw>
<kw name="Input Credentials" library="resource">
<arg>me</arg>
<arg>too00oot</arg>
<kw name="Input" library="AppLibrary">
<arg>${username}</arg>
<status status="PASS" starttime="20211119 02:07:31.725" endtime="20211119 02:07:31.725"/>
</kw>
<kw name="Input" library="AppLibrary">
<arg>${password}</arg>
<status status="PASS" starttime="20211119 02:07:31.726" endtime="20211119 02:07:31.726"/>
</kw>
<kw name="Run Application" library="AppLibrary">
<status status="PASS" starttime="20211119 02:07:31.726" endtime="20211119 02:07:31.726"/>
</kw>
<status status="PASS" starttime="20211119 02:07:31.725" endtime="20211119 02:07:31.726"/>
</kw>
<kw name="Output Should Contain" library="AppLibrary">
<arg>Username is in wrong format!</arg>
<status status="PASS" starttime="20211119 02:07:31.726" endtime="20211119 02:07:31.727"/>
</kw>
<status status="PASS" starttime="20211119 02:07:31.723" endtime="20211119 02:07:31.727"/>
</test>
<test id="s1-s2-t4" name="Register With Valid Username And Too Short Password">
<kw name="Input New Command And Create User" type="SETUP">
<kw name="Input New Command" library="resource">
<kw name="Input" library="AppLibrary">
<arg>new</arg>
<status status="PASS" starttime="20211119 02:07:31.728" endtime="20211119 02:07:31.729"/>
</kw>
<status status="PASS" starttime="20211119 02:07:31.728" endtime="20211119 02:07:31.729"/>
</kw>
<kw name="Create User" library="AppLibrary">
<arg>Pal</arg>
<arg>pAle1111</arg>
<status status="PASS" starttime="20211119 02:07:31.729" endtime="20211119 02:07:31.729"/>
</kw>
<status status="PASS" starttime="20211119 02:07:31.727" endtime="20211119 02:07:31.729"/>
</kw>
<kw name="Input Credentials" library="resource">
<arg>myy</arg>
<arg>12</arg>
<kw name="Input" library="AppLibrary">
<arg>${username}</arg>
<status status="PASS" starttime="20211119 02:07:31.730" endtime="20211119 02:07:31.730"/>
</kw>
<kw name="Input" library="AppLibrary">
<arg>${password}</arg>
<status status="PASS" starttime="20211119 02:07:31.730" endtime="20211119 02:07:31.730"/>
</kw>
<kw name="Run Application" library="AppLibrary">
<status status="PASS" starttime="20211119 02:07:31.731" endtime="20211119 02:07:31.731"/>
</kw>
<status status="PASS" starttime="20211119 02:07:31.729" endtime="20211119 02:07:31.731"/>
</kw>
<kw name="Output Should Contain" library="AppLibrary">
<arg>Password is in wrong format!</arg>
<status status="PASS" starttime="20211119 02:07:31.731" endtime="20211119 02:07:31.731"/>
</kw>
<status status="PASS" starttime="20211119 02:07:31.727" endtime="20211119 02:07:31.731"/>
</test>
<test id="s1-s2-t5" name="Register With Valid Username And Long Enough Password Containing Only Letters">
<kw name="Input New Command And Create User" type="SETUP">
<kw name="Input New Command" library="resource">
<kw name="Input" library="AppLibrary">
<arg>new</arg>
<status status="PASS" starttime="20211119 02:07:31.732" endtime="20211119 02:07:31.733"/>
</kw>
<status status="PASS" starttime="20211119 02:07:31.732" endtime="20211119 02:07:31.733"/>
</kw>
<kw name="Create User" library="AppLibrary">
<arg>Pal</arg>
<arg>pAle1111</arg>
<status status="PASS" starttime="20211119 02:07:31.733" endtime="20211119 02:07:31.733"/>
</kw>
<status status="PASS" starttime="20211119 02:07:31.732" endtime="20211119 02:07:31.733"/>
</kw>
<kw name="Input Credentials" library="resource">
<arg>myy</arg>
<arg>Pikkuinen</arg>
<kw name="Input" library="AppLibrary">
<arg>${username}</arg>
<status status="PASS" starttime="20211119 02:07:31.734" endtime="20211119 02:07:31.734"/>
</kw>
<kw name="Input" library="AppLibrary">
<arg>${password}</arg>
<status status="PASS" starttime="20211119 02:07:31.734" endtime="20211119 02:07:31.734"/>
</kw>
<kw name="Run Application" library="AppLibrary">
<status status="PASS" starttime="20211119 02:07:31.734" endtime="20211119 02:07:31.734"/>
</kw>
<status status="PASS" starttime="20211119 02:07:31.733" endtime="20211119 02:07:31.735"/>
</kw>
<kw name="Output Should Contain" library="AppLibrary">
<arg>Password is in wrong format!</arg>
<status status="PASS" starttime="20211119 02:07:31.735" endtime="20211119 02:07:31.735"/>
</kw>
<status status="PASS" starttime="20211119 02:07:31.732" endtime="20211119 02:07:31.735"/>
</test>
<status status="PASS" starttime="20211119 02:07:31.712" endtime="20211119 02:07:31.735"/>
</suite>
<status status="PASS" starttime="20211119 02:07:31.677" endtime="20211119 02:07:31.736"/>
</suite>
<statistics>
<total>
<stat pass="8" fail="0" skip="0">All Tests</stat>
</total>
<tag>
</tag>
<suite>
<stat pass="8" fail="0" skip="0" id="s1" name="Tests">Tests</stat>
<stat pass="3" fail="0" skip="0" id="s1-s1" name="Login">Tests.Login</stat>
<stat pass="5" fail="0" skip="0" id="s1-s2" name="Register">Tests.Register</stat>
</suite>
</statistics>
<errors>
</errors>
</robot>
